[ 2017-07-20T09:34:33+08:00 ] 127.0.0.1 /index.php?s=/Home/Personal/sendsms
INFO: [ app_init ] --START--
INFO: Run Common\Behavior\InitHook [ RunTime:0.005000s ]
INFO: [ app_init ] --END-- [ RunTime:0.007000s ]
NOTIC: [8] Undefined variable: dep D:\AppServ\www\yaoseizi\ThinkPHP\Library\Think\Dispatcher.class.php 第 203 行.
INFO: [ app_begin ] --START--
INFO: Run Behavior\ReadHtmlCache [ RunTime:0.002001s ]
INFO: [ app_begin ] --END-- [ RunTime:0.002001s ]
SQL: SHOW COLUMNS FROM `sezi_config` [ RunTime:0.023002s ]
SQL: SELECT `type`,`name`,`value` FROM `sezi_config` WHERE ( `status` = 1 )  [ RunTime:0.002000s ]

[ 2017-07-20T09:34:34+08:00 ] 127.0.0.1 /index.php
INFO: [ app_init ] --START--
INFO: Run Common\Behavior\InitHook [ RunTime:0.000000s ]
INFO: [ app_init ] --END-- [ RunTime:0.000000s ]
INFO: [ app_begin ] --START--
INFO: Run Behavior\ReadHtmlCache [ RunTime:0.000000s ]
INFO: [ app_begin ] --END-- [ RunTime:0.000000s ]
SQL: SHOW COLUMNS FROM `sezi_config` [ RunTime:0.017001s ]
SQL: SELECT `type`,`name`,`value` FROM `sezi_config` WHERE ( `status` = 1 )  [ RunTime:0.002000s ]

[ 2017-07-20T10:38:25+08:00 ] 127.0.0.1 /
INFO: [ app_init ] --START--
INFO: Run Common\Behavior\InitHook [ RunTime:0.004000s ]
INFO: [ app_init ] --END-- [ RunTime:0.005000s ]
INFO: [ app_begin ] --START--
INFO: Run Behavior\ReadHtmlCache [ RunTime:0.001000s ]
INFO: [ app_begin ] --END-- [ RunTime:0.001000s ]
SQL: SHOW COLUMNS FROM `sezi_config` [ RunTime:0.011001s ]
SQL: SELECT `type`,`name`,`value` FROM `sezi_config` WHERE ( `status` = 1 )  [ RunTime:0.001000s ]

[ 2017-07-20T10:38:53+08:00 ] 127.0.0.1 /
INFO: [ app_init ] --START--
INFO: Run Common\Behavior\InitHook [ RunTime:0.003000s ]
INFO: [ app_init ] --END-- [ RunTime:0.003000s ]
NOTIC: [8] Undefined index: PATH_INFO D:\AppServ\www\yaoseizi\ThinkPHP\Library\Think\Dispatcher.class.php 第 103 行.
INFO: [ app_begin ] --START--
INFO: Run Behavior\ReadHtmlCache [ RunTime:0.001000s ]
INFO: [ app_begin ] --END-- [ RunTime:0.001000s ]
SQL: SHOW COLUMNS FROM `sezi_config` [ RunTime:0.013000s ]
SQL: SELECT `type`,`name`,`value` FROM `sezi_config` WHERE ( `status` = 1 )  [ RunTime:0.002000s ]

[ 2017-07-20T10:39:22+08:00 ] 127.0.0.1 /
INFO: [ app_init ] --START--
INFO: Run Common\Behavior\InitHook [ RunTime:0.004001s ]
INFO: [ app_init ] --END-- [ RunTime:0.005001s ]
INFO: [ app_begin ] --START--
INFO: Run Behavior\ReadHtmlCache [ RunTime:0.001000s ]
INFO: [ app_begin ] --END-- [ RunTime:0.001000s ]
SQL: SHOW COLUMNS FROM `sezi_config` [ RunTime:0.018002s ]
SQL: SELECT `type`,`name`,`value` FROM `sezi_config` WHERE ( `status` = 1 )  [ RunTime:0.001000s ]

[ 2017-07-20T10:39:26+08:00 ] 127.0.0.1 /index.php?s=/Home/Personal/index.html
INFO: [ app_init ] --START--
INFO: Run Common\Behavior\InitHook [ RunTime:0.003000s ]
INFO: [ app_init ] --END-- [ RunTime:0.003000s ]
NOTIC: [8] Undefined variable: dep D:\AppServ\www\yaoseizi\ThinkPHP\Library\Think\Dispatcher.class.php 第 203 行.
INFO: [ app_begin ] --START--
INFO: Run Behavior\ReadHtmlCache [ RunTime:0.001000s ]
INFO: [ app_begin ] --END-- [ RunTime:0.001000s ]
SQL: SHOW COLUMNS FROM `sezi_config` [ RunTime:0.024001s ]
SQL: SELECT `type`,`name`,`value` FROM `sezi_config` WHERE ( `status` = 1 )  [ RunTime:0.001000s ]

[ 2017-07-20T10:40:03+08:00 ] 127.0.0.1 /index.php?s=/Home/Personal/index.html
INFO: [ app_init ] --START--
INFO: Run Common\Behavior\InitHook [ RunTime:0.003000s ]
INFO: [ app_init ] --END-- [ RunTime:0.003000s ]
NOTIC: [8] Undefined variable: dep D:\AppServ\www\yaoseizi\ThinkPHP\Library\Think\Dispatcher.class.php 第 203 行.
INFO: [ app_begin ] --START--
INFO: Run Behavior\ReadHtmlCache [ RunTime:0.001000s ]
INFO: [ app_begin ] --END-- [ RunTime:0.001000s ]
SQL: SHOW COLUMNS FROM `sezi_config` [ RunTime:0.024001s ]
SQL: SELECT `type`,`name`,`value` FROM `sezi_config` WHERE ( `status` = 1 )  [ RunTime:0.002000s ]

[ 2017-07-20T10:49:19+08:00 ] 127.0.0.1 /index.php?s=/Home/Personal/index.html
INFO: [ app_init ] --START--
INFO: Run Common\Behavior\InitHook [ RunTime:0.003000s ]
INFO: [ app_init ] --END-- [ RunTime:0.005000s ]
INFO: [ app_begin ] --START--
INFO: Run Behavior\ReadHtmlCache [ RunTime:0.001000s ]
INFO: [ app_begin ] --END-- [ RunTime:0.001000s ]
SQL: SHOW COLUMNS FROM `sezi_config` [ RunTime:0.022001s ]
SQL: SELECT `type`,`name`,`value` FROM `sezi_config` WHERE ( `status` = 1 )  [ RunTime:0.002000s ]

[ 2017-07-20T10:50:49+08:00 ] 127.0.0.1 /index.php?s=/Home/Personal/index.html
INFO: [ app_init ] --START--
INFO: Run Common\Behavior\InitHook [ RunTime:0.005000s ]
INFO: [ app_init ] --END-- [ RunTime:0.006000s ]
NOTIC: [8] Undefined variable: dep D:\AppServ\www\yaoseizi\ThinkPHP\Library\Think\Dispatcher.class.php 第 203 行.
INFO: [ app_begin ] --START--
INFO: Run Behavior\ReadHtmlCache [ RunTime:0.002000s ]
INFO: [ app_begin ] --END-- [ RunTime:0.002000s ]
SQL: SHOW COLUMNS FROM `sezi_config` [ RunTime:0.018001s ]
SQL: SELECT `type`,`name`,`value` FROM `sezi_config` WHERE ( `status` = 1 )  [ RunTime:0.002000s ]

[ 2017-07-20T10:50:51+08:00 ] 127.0.0.1 /index.php?s=/Home/Personal/index.html
INFO: [ app_init ] --START--
INFO: Run Common\Behavior\InitHook [ RunTime:0.003000s ]
INFO: [ app_init ] --END-- [ RunTime:0.003000s ]
NOTIC: [8] Undefined variable: dep D:\AppServ\www\yaoseizi\ThinkPHP\Library\Think\Dispatcher.class.php 第 203 行.
INFO: [ app_begin ] --START--
INFO: Run Behavior\ReadHtmlCache [ RunTime:0.000000s ]
INFO: [ app_begin ] --END-- [ RunTime:0.001000s ]
SQL: SHOW COLUMNS FROM `sezi_config` [ RunTime:0.019001s ]
SQL: SELECT `type`,`name`,`value` FROM `sezi_config` WHERE ( `status` = 1 )  [ RunTime:0.001000s ]

[ 2017-07-20T10:51:04+08:00 ] 127.0.0.1 /
INFO: [ app_init ] --START--
INFO: Run Common\Behavior\InitHook [ RunTime:0.006001s ]
INFO: [ app_init ] --END-- [ RunTime:0.006001s ]
INFO: [ app_begin ] --START--
INFO: Run Behavior\ReadHtmlCache [ RunTime:0.001000s ]
INFO: [ app_begin ] --END-- [ RunTime:0.001000s ]
SQL: SHOW COLUMNS FROM `sezi_config` [ RunTime:0.015001s ]
SQL: SELECT `type`,`name`,`value` FROM `sezi_config` WHERE ( `status` = 1 )  [ RunTime:0.001000s ]

[ 2017-07-20T10:51:38+08:00 ] 127.0.0.1 /
INFO: [ app_init ] --START--
INFO: Run Common\Behavior\InitHook [ RunTime:0.004000s ]
INFO: [ app_init ] --END-- [ RunTime:0.004000s ]
NOTIC: [8] Undefined index: PATH_INFO D:\AppServ\www\yaoseizi\ThinkPHP\Library\Think\Dispatcher.class.php 第 103 行.
INFO: [ app_begin ] --START--
INFO: Run Behavior\ReadHtmlCache [ RunTime:0.001000s ]
INFO: [ app_begin ] --END-- [ RunTime:0.002000s ]
SQL: SHOW COLUMNS FROM `sezi_config` [ RunTime:0.017001s ]
SQL: SELECT `type`,`name`,`value` FROM `sezi_config` WHERE ( `status` = 1 )  [ RunTime:0.001000s ]

[ 2017-07-20T10:51:39+08:00 ] 127.0.0.1 /
INFO: [ app_init ] --START--
INFO: Run Common\Behavior\InitHook [ RunTime:0.003000s ]
INFO: [ app_init ] --END-- [ RunTime:0.004000s ]
INFO: [ app_begin ] --START--
INFO: Run Behavior\ReadHtmlCache [ RunTime:0.001000s ]
INFO: [ app_begin ] --END-- [ RunTime:0.001000s ]
SQL: SHOW COLUMNS FROM `sezi_config` [ RunTime:0.011001s ]
SQL: SELECT `type`,`name`,`value` FROM `sezi_config` WHERE ( `status` = 1 )  [ RunTime:0.001000s ]

[ 2017-07-20T10:51:42+08:00 ] 127.0.0.1 /
INFO: [ app_init ] --START--
INFO: Run Common\Behavior\InitHook [ RunTime:0.003000s ]
INFO: [ app_init ] --END-- [ RunTime:0.004000s ]
INFO: [ app_begin ] --START--
INFO: Run Behavior\ReadHtmlCache [ RunTime:0.001000s ]
INFO: [ app_begin ] --END-- [ RunTime:0.001000s ]
SQL: SHOW COLUMNS FROM `sezi_config` [ RunTime:0.011001s ]
SQL: SELECT `type`,`name`,`value` FROM `sezi_config` WHERE ( `status` = 1 )  [ RunTime:0.001000s ]

[ 2017-07-20T10:51:42+08:00 ] 127.0.0.1 /
INFO: [ app_init ] --START--
INFO: Run Common\Behavior\InitHook [ RunTime:0.002000s ]
INFO: [ app_init ] --END-- [ RunTime:0.003000s ]
INFO: [ app_begin ] --START--
INFO: Run Behavior\ReadHtmlCache [ RunTime:0.001000s ]
INFO: [ app_begin ] --END-- [ RunTime:0.001000s ]
SQL: SHOW COLUMNS FROM `sezi_config` [ RunTime:0.010000s ]
SQL: SELECT `type`,`name`,`value` FROM `sezi_config` WHERE ( `status` = 1 )  [ RunTime:0.002001s ]

[ 2017-07-20T10:51:48+08:00 ] 127.0.0.1 /
INFO: [ app_init ] --START--
INFO: Run Common\Behavior\InitHook [ RunTime:0.003000s ]
INFO: [ app_init ] --END-- [ RunTime:0.003000s ]
INFO: [ app_begin ] --START--
INFO: Run Behavior\ReadHtmlCache [ RunTime:0.001000s ]
INFO: [ app_begin ] --END-- [ RunTime:0.001000s ]
SQL: SHOW COLUMNS FROM `sezi_config` [ RunTime:0.011001s ]
SQL: SELECT `type`,`name`,`value` FROM `sezi_config` WHERE ( `status` = 1 )  [ RunTime:0.001000s ]

[ 2017-07-20T10:59:52+08:00 ] 127.0.0.1 /
INFO: [ app_init ] --START--
INFO: Run Common\Behavior\InitHook [ RunTime:0.004000s ]
INFO: [ app_init ] --END-- [ RunTime:0.004000s ]
INFO: [ app_begin ] --START--
INFO: Run Behavior\ReadHtmlCache [ RunTime:0.001000s ]
INFO: [ app_begin ] --END-- [ RunTime:0.001000s ]
SQL: SHOW COLUMNS FROM `sezi_config` [ RunTime:0.011001s ]
SQL: SELECT `type`,`name`,`value` FROM `sezi_config` WHERE ( `status` = 1 )  [ RunTime:0.003000s ]

[ 2017-07-20T11:05:04+08:00 ] 127.0.0.1 /
INFO: [ app_init ] --START--
INFO: Run Common\Behavior\InitHook [ RunTime:0.006000s ]
INFO: [ app_init ] --END-- [ RunTime:0.007000s ]
NOTIC: [8] Undefined index: PATH_INFO D:\AppServ\www\yaoseizi\ThinkPHP\Library\Think\Dispatcher.class.php 第 103 行.
INFO: [ app_begin ] --START--
INFO: Run Behavior\ReadHtmlCache [ RunTime:0.002000s ]
INFO: [ app_begin ] --END-- [ RunTime:0.002000s ]
SQL: SHOW COLUMNS FROM `sezi_config` [ RunTime:0.013001s ]
SQL: SELECT `type`,`name`,`value` FROM `sezi_config` WHERE ( `status` = 1 )  [ RunTime:0.002000s ]

[ 2017-07-20T11:05:18+08:00 ] 127.0.0.1 /
INFO: [ app_init ] --START--
INFO: Run Common\Behavior\InitHook [ RunTime:0.002000s ]
INFO: [ app_init ] --END-- [ RunTime:0.003000s ]
INFO: [ app_begin ] --START--
INFO: Run Behavior\ReadHtmlCache [ RunTime:0.000000s ]
INFO: [ app_begin ] --END-- [ RunTime:0.000000s ]
SQL: SHOW COLUMNS FROM `sezi_config` [ RunTime:0.011000s ]
SQL: SELECT `type`,`name`,`value` FROM `sezi_config` WHERE ( `status` = 1 )  [ RunTime:0.002000s ]

[ 2017-07-20T11:05:29+08:00 ] 127.0.0.1 /
INFO: [ app_init ] --START--
INFO: Run Common\Behavior\InitHook [ RunTime:0.003000s ]
INFO: [ app_init ] --END-- [ RunTime:0.004000s ]
INFO: [ app_begin ] --START--
INFO: Run Behavior\ReadHtmlCache [ RunTime:0.003000s ]
INFO: [ app_begin ] --END-- [ RunTime:0.003000s ]
SQL: SHOW COLUMNS FROM `sezi_config` [ RunTime:0.014001s ]
SQL: SELECT `type`,`name`,`value` FROM `sezi_config` WHERE ( `status` = 1 )  [ RunTime:0.001000s ]

[ 2017-07-20T11:05:40+08:00 ] 127.0.0.1 /
INFO: [ app_init ] --START--
INFO: Run Common\Behavior\InitHook [ RunTime:0.003001s ]
INFO: [ app_init ] --END-- [ RunTime:0.004001s ]
INFO: [ app_begin ] --START--
INFO: Run Behavior\ReadHtmlCache [ RunTime:0.002000s ]
INFO: [ app_begin ] --END-- [ RunTime:0.002000s ]
SQL: SHOW COLUMNS FROM `sezi_config` [ RunTime:0.013000s ]
SQL: SELECT `type`,`name`,`value` FROM `sezi_config` WHERE ( `status` = 1 )  [ RunTime:0.001000s ]

[ 2017-07-20T11:13:35+08:00 ] 127.0.0.1 /
INFO: [ app_init ] --START--
INFO: Run Common\Behavior\InitHook [ RunTime:0.003000s ]
INFO: [ app_init ] --END-- [ RunTime:0.005000s ]
INFO: [ app_begin ] --START--
INFO: Run Behavior\ReadHtmlCache [ RunTime:0.002000s ]
INFO: [ app_begin ] --END-- [ RunTime:0.002000s ]
SQL: SHOW COLUMNS FROM `sezi_config` [ RunTime:0.013001s ]
SQL: SELECT `type`,`name`,`value` FROM `sezi_config` WHERE ( `status` = 1 )  [ RunTime:0.001000s ]

[ 2017-07-20T11:17:56+08:00 ] 127.0.0.1 /
INFO: [ app_init ] --START--
INFO: Run Common\Behavior\InitHook [ RunTime:0.004001s ]
INFO: [ app_init ] --END-- [ RunTime:0.005001s ]
INFO: [ app_begin ] --START--
INFO: Run Behavior\ReadHtmlCache [ RunTime:0.001000s ]
INFO: [ app_begin ] --END-- [ RunTime:0.001000s ]
SQL: SHOW COLUMNS FROM `sezi_config` [ RunTime:0.023002s ]
SQL: SELECT `type`,`name`,`value` FROM `sezi_config` WHERE ( `status` = 1 )  [ RunTime:0.001000s ]

[ 2017-07-20T11:22:13+08:00 ] 127.0.0.1 /
INFO: [ app_init ] --START--
INFO: Run Common\Behavior\InitHook [ RunTime:0.006001s ]
INFO: [ app_init ] --END-- [ RunTime:0.007001s ]
INFO: [ app_begin ] --START--
INFO: Run Behavior\ReadHtmlCache [ RunTime:0.003000s ]
INFO: [ app_begin ] --END-- [ RunTime:0.003000s ]
SQL: SHOW COLUMNS FROM `sezi_config` [ RunTime:0.016001s ]
SQL: SELECT `type`,`name`,`value` FROM `sezi_config` WHERE ( `status` = 1 )  [ RunTime:0.002001s ]

[ 2017-07-20T11:22:14+08:00 ] 127.0.0.1 /
INFO: [ app_init ] --START--
INFO: Run Common\Behavior\InitHook [ RunTime:0.003000s ]
INFO: [ app_init ] --END-- [ RunTime:0.004000s ]
INFO: [ app_begin ] --START--
INFO: Run Behavior\ReadHtmlCache [ RunTime:0.001000s ]
INFO: [ app_begin ] --END-- [ RunTime:0.001000s ]
SQL: SHOW COLUMNS FROM `sezi_config` [ RunTime:0.015001s ]
SQL: SELECT `type`,`name`,`value` FROM `sezi_config` WHERE ( `status` = 1 )  [ RunTime:0.002000s ]

[ 2017-07-20T11:22:16+08:00 ] 127.0.0.1 /
INFO: [ app_init ] --START--
INFO: Run Common\Behavior\InitHook [ RunTime:0.003000s ]
INFO: [ app_init ] --END-- [ RunTime:0.003000s ]
INFO: [ app_begin ] --START--
INFO: Run Behavior\ReadHtmlCache [ RunTime:0.001000s ]
INFO: [ app_begin ] --END-- [ RunTime:0.001000s ]
SQL: SHOW COLUMNS FROM `sezi_config` [ RunTime:0.019001s ]
SQL: SELECT `type`,`name`,`value` FROM `sezi_config` WHERE ( `status` = 1 )  [ RunTime:0.001000s ]

[ 2017-07-20T11:22:18+08:00 ] 127.0.0.1 /
INFO: [ app_init ] --START--
INFO: Run Common\Behavior\InitHook [ RunTime:0.002000s ]
INFO: [ app_init ] --END-- [ RunTime:0.003000s ]
INFO: [ app_begin ] --START--
INFO: Run Behavior\ReadHtmlCache [ RunTime:0.001000s ]
INFO: [ app_begin ] --END-- [ RunTime:0.001000s ]
SQL: SHOW COLUMNS FROM `sezi_config` [ RunTime:0.031001s ]
SQL: SELECT `type`,`name`,`value` FROM `sezi_config` WHERE ( `status` = 1 )  [ RunTime:0.001000s ]

[ 2017-07-20T11:22:41+08:00 ] 127.0.0.1 /
INFO: [ app_init ] --START--
INFO: Run Common\Behavior\InitHook [ RunTime:0.002000s ]
INFO: [ app_init ] --END-- [ RunTime:0.003000s ]
INFO: [ app_begin ] --START--
INFO: Run Behavior\ReadHtmlCache [ RunTime:0.001000s ]
INFO: [ app_begin ] --END-- [ RunTime:0.001000s ]
SQL: SHOW COLUMNS FROM `sezi_config` [ RunTime:0.019001s ]
SQL: SELECT `type`,`name`,`value` FROM `sezi_config` WHERE ( `status` = 1 )  [ RunTime:0.001000s ]

[ 2017-07-20T11:23:18+08:00 ] 127.0.0.1 /
INFO: [ app_init ] --START--
INFO: Run Common\Behavior\InitHook [ RunTime:0.002000s ]
INFO: [ app_init ] --END-- [ RunTime:0.003000s ]
INFO: [ app_begin ] --START--
INFO: Run Behavior\ReadHtmlCache [ RunTime:0.001000s ]
INFO: [ app_begin ] --END-- [ RunTime:0.001000s ]
SQL: SHOW COLUMNS FROM `sezi_config` [ RunTime:0.014001s ]
SQL: SELECT `type`,`name`,`value` FROM `sezi_config` WHERE ( `status` = 1 )  [ RunTime:0.001000s ]

[ 2017-07-20T11:52:26+08:00 ] 127.0.0.1 /
INFO: [ app_init ] --START--
INFO: Run Common\Behavior\InitHook [ RunTime:0.004000s ]
INFO: [ app_init ] --END-- [ RunTime:0.005000s ]
INFO: [ app_begin ] --START--
INFO: Run Behavior\ReadHtmlCache [ RunTime:0.001000s ]
INFO: [ app_begin ] --END-- [ RunTime:0.001000s ]
SQL: SHOW COLUMNS FROM `sezi_config` [ RunTime:0.019002s ]
SQL: SELECT `type`,`name`,`value` FROM `sezi_config` WHERE ( `status` = 1 )  [ RunTime:0.002000s ]

[ 2017-07-20T11:53:37+08:00 ] 127.0.0.1 /
INFO: [ app_init ] --START--
INFO: Run Common\Behavior\InitHook [ RunTime:0.003000s ]
INFO: [ app_init ] --END-- [ RunTime:0.003000s ]
INFO: [ app_begin ] --START--
INFO: Run Behavior\ReadHtmlCache [ RunTime:0.001000s ]
INFO: [ app_begin ] --END-- [ RunTime:0.001000s ]
SQL: SHOW COLUMNS FROM `sezi_config` [ RunTime:0.019001s ]
SQL: SELECT `type`,`name`,`value` FROM `sezi_config` WHERE ( `status` = 1 )  [ RunTime:0.002000s ]

[ 2017-07-20T11:54:35+08:00 ] 127.0.0.1 /
INFO: [ app_init ] --START--
INFO: Run Common\Behavior\InitHook [ RunTime:0.004000s ]
INFO: [ app_init ] --END-- [ RunTime:0.004000s ]
NOTIC: [8] Undefined index: PATH_INFO D:\AppServ\www\yaoseizi\ThinkPHP\Library\Think\Dispatcher.class.php 第 103 行.
INFO: [ app_begin ] --START--
INFO: Run Behavior\ReadHtmlCache [ RunTime:0.001001s ]
INFO: [ app_begin ] --END-- [ RunTime:0.001001s ]
SQL: SHOW COLUMNS FROM `sezi_config` [ RunTime:0.020001s ]
SQL: SELECT `type`,`name`,`value` FROM `sezi_config` WHERE ( `status` = 1 )  [ RunTime:0.001000s ]

[ 2017-07-20T14:17:28+08:00 ] 127.0.0.1 /
INFO: [ app_init ] --START--
INFO: Run Common\Behavior\InitHook [ RunTime:0.007001s ]
INFO: [ app_init ] --END-- [ RunTime:0.008001s ]
INFO: [ app_begin ] --START--
INFO: Run Behavior\ReadHtmlCache [ RunTime:0.002000s ]
INFO: [ app_begin ] --END-- [ RunTime:0.002000s ]
SQL: SHOW COLUMNS FROM `sezi_config` [ RunTime:0.013001s ]
SQL: SELECT `type`,`name`,`value` FROM `sezi_config` WHERE ( `status` = 1 )  [ RunTime:0.001000s ]

